SF:lib/editor/cursor/rich_text_cursor.dart
DA:7,1
DA:9,0
DA:10,0
DA:11,0
DA:13,1
DA:17,1
DA:20,1
DA:21,3
DA:22,3
DA:23,3
DA:25,0
DA:26,0
DA:28,0
DA:30,0
DA:33,1
DA:34,3
DA:35,3
DA:36,3
DA:39,4
LF:19
LH:12
end_of_record
SF:lib/editor/node/rich_text_node/rich_text_node.dart
DA:15,1
DA:17,0
DA:19,1
DA:20,1
DA:22,0
DA:24,0
DA:26,1
DA:28,2
DA:30,1
DA:32,2
DA:34,1
DA:36,1
DA:37,0
DA:39,2
DA:40,2
DA:41,0
DA:42,2
DA:43,2
DA:44,2
DA:45,3
DA:46,3
DA:48,3
DA:51,0
DA:52,0
DA:53,0
DA:55,0
DA:56,0
DA:57,0
DA:58,0
DA:61,0
DA:62,0
DA:65,0
DA:67,0
DA:69,1
DA:70,1
DA:72,1
DA:74,7
DA:76,0
DA:78,0
DA:80,1
DA:81,2
DA:82,1
DA:83,4
DA:84,3
DA:85,1
DA:86,3
DA:87,2
DA:89,3
DA:92,1
DA:93,2
DA:94,1
DA:95,4
DA:96,3
DA:97,1
DA:98,3
DA:99,2
DA:101,3
DA:104,0
DA:105,0
DA:108,1
DA:111,3
DA:112,0
DA:114,2
DA:115,1
DA:117,2
DA:118,3
DA:119,3
DA:121,3
DA:124,1
DA:125,1
DA:127,2
DA:128,1
DA:129,1
DA:130,2
DA:131,1
DA:132,2
DA:133,1
DA:134,0
DA:136,2
DA:138,4
DA:140,5
DA:141,3
DA:142,1
DA:143,3
DA:145,2
DA:146,4
DA:147,3
DA:148,1
DA:150,3
DA:153,1
DA:154,4
DA:155,7
DA:157,3
DA:158,1
DA:159,2
DA:160,2
DA:161,1
DA:162,2
DA:163,1
DA:164,2
DA:173,3
DA:175,1
DA:179,2
DA:180,1
DA:181,1
DA:182,1
DA:183,4
DA:184,5
DA:185,4
DA:187,1
DA:188,1
DA:189,1
DA:190,3
DA:191,2
DA:192,1
DA:193,1
DA:194,5
DA:195,1
DA:196,3
DA:197,5
DA:199,4
DA:201,1
DA:203,3
LF:123
LH:101
end_of_record
SF:lib/editor/node/rich_text_node/rich_text_span.dart
DA:14,1
DA:19,1
DA:20,1
DA:22,1
DA:28,1
DA:29,3
DA:30,1
DA:31,1
DA:32,3
DA:36,5
DA:38,3
DA:40,4
DA:42,0
DA:43,0
DA:45,0
DA:47,0
DA:48,0
DA:53,0
DA:54,0
DA:55,0
DA:56,0
DA:60,0
LF:22
LH:12
end_of_record
SF:lib/editor/core/controller.dart
DA:9,0
DA:10,0
DA:20,0
DA:21,0
DA:23,0
DA:24,0
DA:26,0
DA:27,0
DA:29,0
DA:30,0
DA:31,0
DA:32,0
DA:35,0
DA:36,0
DA:37,0
DA:38,0
DA:41,0
DA:43,0
DA:44,0
DA:45,0
DA:46,0
DA:47,0
DA:48,0
DA:52,0
DA:53,0
DA:54,0
DA:55,0
DA:56,0
DA:57,0
DA:61,0
DA:62,0
DA:63,0
DA:64,0
DA:65,0
DA:66,0
DA:70,0
DA:71,0
DA:72,0
DA:73,0
DA:77,0
DA:79,0
DA:80,0
DA:81,0
DA:82,0
DA:83,0
DA:86,0
DA:88,0
DA:95,0
DA:103,0
DA:112,0
LF:50
LH:0
end_of_record
SF:lib/editor/command/modification.dart
DA:11,0
DA:15,0
DA:17,0
DA:18,0
DA:21,0
DA:23,0
LF:6
LH:0
end_of_record
SF:lib/editor/cursor/basic_cursor.dart
DA:2,0
DA:4,0
DA:15,0
DA:25,0
DA:34,0
LF:5
LH:0
end_of_record
SF:lib/editor/node/basic_node.dart
DA:8,1
DA:9,3
DA:30,2
LF:3
LH:3
end_of_record
SF:lib/editor/core/command_generator.dart
DA:11,0
DA:13,0
DA:14,0
DA:15,0
DA:16,0
DA:21,0
DA:23,0
DA:24,0
DA:25,0
DA:26,0
DA:27,0
DA:28,0
DA:29,0
DA:30,0
DA:31,0
DA:32,0
DA:33,0
DA:35,0
DA:36,0
DA:37,0
DA:38,0
DA:40,0
DA:42,0
DA:43,0
DA:47,0
DA:49,0
DA:50,0
DA:51,0
DA:52,0
DA:53,0
DA:54,0
DA:55,0
DA:56,0
DA:57,0
DA:58,0
DA:59,0
DA:60,0
DA:61,0
DA:62,0
DA:64,0
DA:65,0
DA:66,0
DA:67,0
DA:68,0
DA:69,0
DA:70,0
DA:72,0
DA:73,0
DA:75,0
DA:76,0
DA:84,0
LF:51
LH:0
end_of_record
SF:lib/editor/extension/string_extension.dart
DA:4,0
DA:5,0
DA:8,0
DA:9,0
DA:12,0
LF:5
LH:0
end_of_record
SF:lib/editor/core/command_invoker.dart
DA:11,0
DA:17,0
DA:18,0
DA:19,0
DA:21,0
DA:25,0
DA:26,0
DA:27,0
DA:29,0
DA:30,0
DA:31,0
DA:32,0
DA:36,0
DA:37,0
DA:38,0
DA:40,0
DA:41,0
DA:42,0
DA:43,0
DA:47,0
DA:48,0
DA:49,0
DA:52,0
DA:53,0
DA:54,0
LF:25
LH:0
end_of_record
SF:lib/editor/exception/command_exception.dart
DA:6,0
DA:8,0
DA:15,0
DA:17,0
DA:19,0
DA:21,0
LF:6
LH:0
end_of_record
SF:lib/editor/core/logger.dart
DA:4,0
DA:5,0
DA:8,0
DA:9,0
DA:13,0
LF:5
LH:0
end_of_record
SF:lib/editor/core/context.dart
DA:17,0
DA:20,0
DA:25,0
DA:26,0
DA:27,0
DA:31,0
DA:33,0
DA:34,0
DA:35,0
DA:39,0
DA:41,0
DA:42,0
DA:43,0
DA:47,0
DA:49,0
DA:51,0
DA:53,0
DA:54,0
LF:18
LH:0
end_of_record
SF:lib/editor/core/input_manager.dart
DA:19,0
DA:21,0
DA:25,0
DA:27,0
DA:29,0
DA:32,0
DA:35,0
DA:38,0
DA:40,0
DA:43,0
DA:45,0
DA:48,0
DA:50,0
DA:53,0
DA:55,0
DA:58,0
DA:60,0
DA:63,0
DA:65,0
DA:66,0
DA:67,0
DA:68,0
DA:69,0
DA:70,0
DA:71,0
DA:72,0
DA:73,0
DA:74,0
DA:75,0
DA:77,0
DA:79,0
DA:82,0
DA:83,0
DA:84,0
DA:87,0
DA:89,0
DA:90,0
DA:91,0
DA:99,0
DA:100,0
DA:101,0
DA:102,0
DA:103,0
DA:105,0
DA:109,0
DA:110,0
DA:111,0
DA:114,0
DA:115,0
DA:116,0
DA:117,0
DA:118,0
DA:119,0
DA:120,0
DA:121,0
DA:124,0
DA:125,0
DA:126,0
DA:127,0
DA:128,0
DA:137,0
DA:139,0
DA:141,0
DA:144,0
DA:146,0
LF:65
LH:0
end_of_record
SF:lib/editor/core/copier.dart
DA:3,1
DA:4,1
LF:2
LH:2
end_of_record
SF:lib/editor/exception/editor_node_exception.dart
DA:7,0
DA:9,0
DA:11,0
DA:13,0
DA:21,0
DA:23,0
DA:25,0
DA:27,0
LF:8
LH:0
end_of_record
SF:lib/editor/widget/rich_text_widget.dart
DA:14,0
DA:21,0
DA:22,0
DA:40,0
DA:42,0
DA:44,0
DA:46,0
DA:48,0
DA:50,0
DA:52,0
DA:53,0
DA:54,0
DA:55,0
DA:56,0
DA:57,0
DA:61,0
DA:62,0
DA:65,0
DA:67,0
DA:68,0
DA:69,0
DA:70,0
DA:71,0
DA:74,0
DA:75,0
DA:78,0
DA:79,0
DA:83,0
DA:84,0
DA:85,0
DA:86,0
DA:87,0
DA:88,0
DA:89,0
DA:90,0
DA:92,0
DA:95,0
DA:96,0
DA:97,0
DA:98,0
DA:101,0
DA:102,0
DA:103,0
DA:104,0
DA:105,0
DA:110,0
DA:112,0
DA:113,0
DA:114,0
DA:115,0
DA:119,0
DA:121,0
DA:122,0
DA:123,0
DA:125,0
DA:127,0
DA:128,0
DA:129,0
DA:130,0
DA:131,0
DA:132,0
DA:133,0
DA:134,0
DA:136,0
DA:139,0
DA:140,0
DA:141,0
DA:142,0
DA:144,0
DA:145,0
DA:146,0
DA:147,0
DA:148,0
DA:149,0
DA:150,0
DA:151,0
DA:152,0
DA:153,0
DA:155,0
DA:156,0
DA:157,0
DA:158,0
DA:159,0
DA:161,0
DA:162,0
DA:165,0
DA:166,0
DA:167,0
DA:168,0
DA:183,0
DA:184,0
DA:186,0
DA:187,0
DA:188,0
DA:191,0
DA:192,0
DA:193,0
DA:194,0
DA:195,0
DA:196,0
DA:198,0
DA:199,0
DA:200,0
DA:201,0
DA:208,0
DA:210,0
DA:212,0
DA:213,0
DA:214,0
DA:215,0
DA:218,0
LF:111
LH:0
end_of_record
SF:lib/editor/widget/editing_cursor.dart
DA:9,0
DA:12,0
DA:13,0
DA:20,0
DA:22,0
DA:23,0
DA:24,0
DA:25,0
DA:29,0
DA:31,0
DA:32,0
DA:35,0
DA:36,0
DA:39,0
DA:41,0
DA:42,0
DA:44,0
LF:17
LH:0
end_of_record
